[2024-01-30T17:48:35,928][INFO ][logstash.runner          ] Starting Logstash {"logstash.version"=>"7.9.0", "jruby.version"=>"jruby 9.2.12.0 (2.5.7) 2020-07-01 db01a49ba6 Java HotSpot(TM) 64-Bit Server VM 25.202-b08 on 1.8.0_202-b08 +indy +jit [darwin-x86_64]"}
[2024-01-30T17:48:36,822][WARN ][logstash.config.source.multilocal] Ignoring the 'pipelines.yml' file because modules or command line options are specified
[2024-01-30T17:48:39,572][ERROR][logstash.agent           ] Failed to execute action {:action=>LogStash::PipelineAction::Create/pipeline_id:main, :exception=>"LogStash::ConfigurationError", :message=>"Expected one of [ \\t\\r\\n], \"#\", \"and\", \"or\", \"xor\", \"nand\", \"{\" at line 45, column 28 (byte 768) after output\n{\n    if [TYPE] == \"TCP_LOG\" ", :backtrace=>["/Users/euiyoung.hwang/ES/Python_Workspace/python-elasticsearch/Kafka/logstash-7.9.0/logstash-core/lib/logstash/compiler.rb:32:in `compile_imperative'", "org/logstash/execution/AbstractPipelineExt.java:183:in `initialize'", "org/logstash/execution/JavaBasePipelineExt.java:69:in `initialize'", "/Users/euiyoung.hwang/ES/Python_Workspace/python-elasticsearch/Kafka/logstash-7.9.0/logstash-core/lib/logstash/java_pipeline.rb:44:in `initialize'", "/Users/euiyoung.hwang/ES/Python_Workspace/python-elasticsearch/Kafka/logstash-7.9.0/logstash-core/lib/logstash/pipeline_action/create.rb:52:in `execute'", "/Users/euiyoung.hwang/ES/Python_Workspace/python-elasticsearch/Kafka/logstash-7.9.0/logstash-core/lib/logstash/agent.rb:357:in `block in converge_state'"]}
[2024-01-30T17:48:40,430][INFO ][logstash.agent           ] Successfully started Logstash API endpoint {:port=>9600}
[2024-01-30T17:48:45,224][INFO ][logstash.runner          ] Logstash shut down.
[2024-01-30T17:48:45,399][ERROR][org.logstash.Logstash    ] java.lang.IllegalStateException: Logstash stopped processing because of an error: (SystemExit) exit
[2024-01-30T17:49:33,729][INFO ][logstash.runner          ] Starting Logstash {"logstash.version"=>"7.9.0", "jruby.version"=>"jruby 9.2.12.0 (2.5.7) 2020-07-01 db01a49ba6 Java HotSpot(TM) 64-Bit Server VM 25.202-b08 on 1.8.0_202-b08 +indy +jit [darwin-x86_64]"}
[2024-01-30T17:49:34,116][WARN ][logstash.config.source.multilocal] Ignoring the 'pipelines.yml' file because modules or command line options are specified
[2024-01-30T17:49:36,492][ERROR][logstash.agent           ] Failed to execute action {:action=>LogStash::PipelineAction::Create/pipeline_id:main, :exception=>"LogStash::ConfigurationError", :message=>"Expected one of [ \\t\\r\\n], \"#\", \"and\", \"or\", \"xor\", \"nand\", \"{\" at line 45, column 28 (byte 768) after output\n{\n    if [TYPE] == \"TCP_LOG\" ", :backtrace=>["/Users/euiyoung.hwang/ES/Python_Workspace/python-elasticsearch/Kafka/logstash-7.9.0/logstash-core/lib/logstash/compiler.rb:32:in `compile_imperative'", "org/logstash/execution/AbstractPipelineExt.java:183:in `initialize'", "org/logstash/execution/JavaBasePipelineExt.java:69:in `initialize'", "/Users/euiyoung.hwang/ES/Python_Workspace/python-elasticsearch/Kafka/logstash-7.9.0/logstash-core/lib/logstash/java_pipeline.rb:44:in `initialize'", "/Users/euiyoung.hwang/ES/Python_Workspace/python-elasticsearch/Kafka/logstash-7.9.0/logstash-core/lib/logstash/pipeline_action/create.rb:52:in `execute'", "/Users/euiyoung.hwang/ES/Python_Workspace/python-elasticsearch/Kafka/logstash-7.9.0/logstash-core/lib/logstash/agent.rb:357:in `block in converge_state'"]}
[2024-01-30T17:49:37,067][INFO ][logstash.agent           ] Successfully started Logstash API endpoint {:port=>9600}
[2024-01-30T17:49:41,916][INFO ][logstash.runner          ] Logstash shut down.
[2024-01-30T17:49:42,007][ERROR][org.logstash.Logstash    ] java.lang.IllegalStateException: Logstash stopped processing because of an error: (SystemExit) exit
[2024-01-30T18:40:39,460][INFO ][logstash.runner          ] Starting Logstash {"logstash.version"=>"7.9.0", "jruby.version"=>"jruby 9.2.12.0 (2.5.7) 2020-07-01 db01a49ba6 Java HotSpot(TM) 64-Bit Server VM 25.202-b08 on 1.8.0_202-b08 +indy +jit [darwin-x86_64]"}
[2024-01-30T18:40:40,018][WARN ][logstash.config.source.multilocal] Ignoring the 'pipelines.yml' file because modules or command line options are specified
[2024-01-30T18:40:43,804][INFO ][org.reflections.Reflections] Reflections took 59 ms to scan 1 urls, producing 22 keys and 45 values 
[2024-01-30T18:40:49,096][INFO ][logstash.outputs.elasticsearch][main] Elasticsearch pool URLs updated {:changes=>{:removed=>[], :added=>[http://elastic:xxxxxx@localhost:9200/]}}
[2024-01-30T18:40:49,592][WARN ][logstash.outputs.elasticsearch][main] Restored connection to ES instance {:url=>"http://elastic:xxxxxx@localhost:9200/"}
[2024-01-30T18:40:49,800][INFO ][logstash.outputs.elasticsearch][main] ES Output version determined {:es_version=>7}
[2024-01-30T18:40:49,833][WARN ][logstash.outputs.elasticsearch][main] Detected a 6.x and above cluster: the `type` event field won't be used to determine the document _type {:es_version=>7}
[2024-01-30T18:40:50,054][INFO ][logstash.outputs.elasticsearch][main] New Elasticsearch output {:class=>"LogStash::Outputs::ElasticSearch", :hosts=>["//localhost:9200"]}
[2024-01-30T18:40:50,285][INFO ][logstash.outputs.elasticsearch][main] Using a default mapping template {:es_version=>7, :ecs_compatibility=>:disabled}
[2024-01-30T18:40:50,493][INFO ][logstash.javapipeline    ][main] Starting pipeline {:pipeline_id=>"main", "pipeline.workers"=>8, "pipeline.batch.size"=>125, "pipeline.batch.delay"=>50, "pipeline.max_inflight"=>1000, "pipeline.sources"=>["/Users/euiyoung.hwang/ES/Python_Workspace/python-elasticsearch/logger_logstash/logstash_udp.conf"], :thread=>"#<Thread:0x1513529c run>"}
[2024-01-30T18:40:50,652][INFO ][logstash.outputs.elasticsearch][main] Attempting to install template {:manage_template=>{"index_patterns"=>"logstash-*", "version"=>60001, "settings"=>{"index.refresh_interval"=>"5s", "number_of_shards"=>1}, "mappings"=>{"dynamic_templates"=>[{"message_field"=>{"path_match"=>"message", "match_mapping_type"=>"string", "mapping"=>{"type"=>"text", "norms"=>false}}}, {"string_fields"=>{"match"=>"*", "match_mapping_type"=>"string", "mapping"=>{"type"=>"text", "norms"=>false, "fields"=>{"keyword"=>{"type"=>"keyword", "ignore_above"=>256}}}}}], "properties"=>{"@timestamp"=>{"type"=>"date"}, "@version"=>{"type"=>"keyword"}, "geoip"=>{"dynamic"=>true, "properties"=>{"ip"=>{"type"=>"ip"}, "location"=>{"type"=>"geo_point"}, "latitude"=>{"type"=>"half_float"}, "longitude"=>{"type"=>"half_float"}}}}}}}
[2024-01-30T18:40:52,818][INFO ][logstash.javapipeline    ][main] Pipeline Java execution initialization time {"seconds"=>2.28}
[2024-01-30T18:40:53,132][INFO ][logstash.inputs.tcp      ][main] Automatically switching from json to json_lines codec {:plugin=>"tcp"}
[2024-01-30T18:40:53,755][INFO ][logstash.javapipeline    ][main] Pipeline started {"pipeline.id"=>"main"}
[2024-01-30T18:40:53,822][INFO ][logstash.inputs.tcp      ][main][e1fd9e0926320082381b62b419dcf9506aa4fbafcca8bea1fcfafc1d0b9b74cf] Starting tcp input listener {:address=>"0.0.0.0:5958", :ssl_enable=>"false"}
[2024-01-30T18:40:53,948][INFO ][logstash.agent           ] Pipelines running {:count=>1, :running_pipelines=>[:main], :non_running_pipelines=>[]}
[2024-01-30T18:40:54,094][INFO ][logstash.inputs.udp      ][main][131a3beb2459c7b05d3d18cf94607def7f58d25e5e8db6bb6624d65615a40f21] Starting UDP listener {:address=>"0.0.0.0:5959"}
[2024-01-30T18:40:54,346][INFO ][logstash.inputs.udp      ][main][131a3beb2459c7b05d3d18cf94607def7f58d25e5e8db6bb6624d65615a40f21] UDP listener started {:address=>"0.0.0.0:5959", :receive_buffer_bytes=>"786896", :queue_size=>"2000"}
[2024-01-30T18:40:54,700][INFO ][logstash.agent           ] Successfully started Logstash API endpoint {:port=>9600}
[2024-01-30T20:05:27,911][WARN ][logstash.runner          ] SIGINT received. Shutting down.
[2024-01-30T20:05:33,018][WARN ][logstash.runner          ] Received shutdown signal, but pipeline is still waiting for in-flight events
to be processed. Sending another ^C will force quit Logstash, but this may cause
data loss.
[2024-01-30T20:05:33,763][INFO ][logstash.javapipeline    ] Pipeline terminated {"pipeline.id"=>"main"}
[2024-01-30T20:05:33,970][INFO ][logstash.runner          ] Logstash shut down.
[2024-01-30T20:06:16,802][INFO ][logstash.runner          ] Starting Logstash {"logstash.version"=>"7.9.0", "jruby.version"=>"jruby 9.2.12.0 (2.5.7) 2020-07-01 db01a49ba6 Java HotSpot(TM) 64-Bit Server VM 25.202-b08 on 1.8.0_202-b08 +indy +jit [darwin-x86_64]"}
[2024-01-30T20:06:17,353][WARN ][logstash.config.source.multilocal] Ignoring the 'pipelines.yml' file because modules or command line options are specified
[2024-01-30T20:06:21,237][INFO ][org.reflections.Reflections] Reflections took 58 ms to scan 1 urls, producing 22 keys and 45 values 
[2024-01-30T20:06:27,305][INFO ][logstash.outputs.elasticsearch][main] Elasticsearch pool URLs updated {:changes=>{:removed=>[], :added=>[http://elastic:xxxxxx@localhost:9200/]}}
[2024-01-30T20:06:27,749][WARN ][logstash.outputs.elasticsearch][main] Restored connection to ES instance {:url=>"http://elastic:xxxxxx@localhost:9200/"}
[2024-01-30T20:06:27,855][INFO ][logstash.outputs.elasticsearch][main] ES Output version determined {:es_version=>7}
[2024-01-30T20:06:27,870][WARN ][logstash.outputs.elasticsearch][main] Detected a 6.x and above cluster: the `type` event field won't be used to determine the document _type {:es_version=>7}
[2024-01-30T20:06:28,080][INFO ][logstash.outputs.elasticsearch][main] New Elasticsearch output {:class=>"LogStash::Outputs::ElasticSearch", :hosts=>["//localhost:9200"]}
[2024-01-30T20:06:28,321][INFO ][logstash.outputs.elasticsearch][main] Using a default mapping template {:es_version=>7, :ecs_compatibility=>:disabled}
[2024-01-30T20:06:28,488][INFO ][logstash.javapipeline    ][main] Starting pipeline {:pipeline_id=>"main", "pipeline.workers"=>8, "pipeline.batch.size"=>125, "pipeline.batch.delay"=>50, "pipeline.max_inflight"=>1000, "pipeline.sources"=>["/Users/euiyoung.hwang/ES/Python_Workspace/python-elasticsearch/logger_logstash/logstash_udp.conf"], :thread=>"#<Thread:0x353dde8c run>"}
[2024-01-30T20:06:28,574][INFO ][logstash.outputs.elasticsearch][main] Attempting to install template {:manage_template=>{"index_patterns"=>"logstash-*", "version"=>60001, "settings"=>{"index.refresh_interval"=>"5s", "number_of_shards"=>1}, "mappings"=>{"dynamic_templates"=>[{"message_field"=>{"path_match"=>"message", "match_mapping_type"=>"string", "mapping"=>{"type"=>"text", "norms"=>false}}}, {"string_fields"=>{"match"=>"*", "match_mapping_type"=>"string", "mapping"=>{"type"=>"text", "norms"=>false, "fields"=>{"keyword"=>{"type"=>"keyword", "ignore_above"=>256}}}}}], "properties"=>{"@timestamp"=>{"type"=>"date"}, "@version"=>{"type"=>"keyword"}, "geoip"=>{"dynamic"=>true, "properties"=>{"ip"=>{"type"=>"ip"}, "location"=>{"type"=>"geo_point"}, "latitude"=>{"type"=>"half_float"}, "longitude"=>{"type"=>"half_float"}}}}}}}
[2024-01-30T20:06:30,922][INFO ][logstash.javapipeline    ][main] Pipeline Java execution initialization time {"seconds"=>2.38}
[2024-01-30T20:06:31,285][INFO ][logstash.inputs.tcp      ][main] Automatically switching from json to json_lines codec {:plugin=>"tcp"}
[2024-01-30T20:06:31,776][INFO ][logstash.javapipeline    ][main] Pipeline started {"pipeline.id"=>"main"}
[2024-01-30T20:06:31,853][INFO ][logstash.inputs.tcp      ][main][bbb8a28f1795f5240ab1611c00e1f13750de8e1d2efce0200c943a0cf9e755d3] Starting tcp input listener {:address=>"0.0.0.0:5958", :ssl_enable=>"false"}
[2024-01-30T20:06:32,142][INFO ][logstash.agent           ] Pipelines running {:count=>1, :running_pipelines=>[:main], :non_running_pipelines=>[]}
[2024-01-30T20:06:32,118][INFO ][logstash.inputs.udp      ][main][d9ac828dfdce0a09f2815730ce2853a43d1860093e36f4849c5a0199f4005f95] Starting UDP listener {:address=>"0.0.0.0:5959"}
[2024-01-30T20:06:32,946][INFO ][logstash.inputs.udp      ][main][d9ac828dfdce0a09f2815730ce2853a43d1860093e36f4849c5a0199f4005f95] UDP listener started {:address=>"0.0.0.0:5959", :receive_buffer_bytes=>"786896", :queue_size=>"2000"}
[2024-01-30T20:06:33,308][INFO ][logstash.agent           ] Successfully started Logstash API endpoint {:port=>9600}
[2024-01-30T20:14:53,151][WARN ][logstash.runner          ] SIGINT received. Shutting down.
[2024-01-30T20:14:58,228][WARN ][logstash.runner          ] Received shutdown signal, but pipeline is still waiting for in-flight events
to be processed. Sending another ^C will force quit Logstash, but this may cause
data loss.
[2024-01-30T20:14:58,785][INFO ][logstash.javapipeline    ] Pipeline terminated {"pipeline.id"=>"main"}
[2024-01-30T20:14:58,916][INFO ][logstash.runner          ] Logstash shut down.
[2024-01-30T20:16:53,007][INFO ][logstash.runner          ] Starting Logstash {"logstash.version"=>"7.9.0", "jruby.version"=>"jruby 9.2.12.0 (2.5.7) 2020-07-01 db01a49ba6 Java HotSpot(TM) 64-Bit Server VM 25.202-b08 on 1.8.0_202-b08 +indy +jit [darwin-x86_64]"}
[2024-01-30T20:16:53,697][WARN ][logstash.config.source.multilocal] Ignoring the 'pipelines.yml' file because modules or command line options are specified
[2024-01-30T20:16:57,527][INFO ][org.reflections.Reflections] Reflections took 57 ms to scan 1 urls, producing 22 keys and 45 values 
[2024-01-30T20:17:03,959][INFO ][logstash.outputs.elasticsearch][main] Elasticsearch pool URLs updated {:changes=>{:removed=>[], :added=>[http://elastic:xxxxxx@localhost:9200/]}}
[2024-01-30T20:17:04,379][WARN ][logstash.outputs.elasticsearch][main] Restored connection to ES instance {:url=>"http://elastic:xxxxxx@localhost:9200/"}
[2024-01-30T20:17:04,552][INFO ][logstash.outputs.elasticsearch][main] ES Output version determined {:es_version=>7}
[2024-01-30T20:17:04,570][WARN ][logstash.outputs.elasticsearch][main] Detected a 6.x and above cluster: the `type` event field won't be used to determine the document _type {:es_version=>7}
[2024-01-30T20:17:04,765][INFO ][logstash.outputs.elasticsearch][main] New Elasticsearch output {:class=>"LogStash::Outputs::ElasticSearch", :hosts=>["//localhost:9200"]}
[2024-01-30T20:17:05,005][INFO ][logstash.outputs.elasticsearch][main] Using a default mapping template {:es_version=>7, :ecs_compatibility=>:disabled}
[2024-01-30T20:17:05,389][INFO ][logstash.javapipeline    ][main] Starting pipeline {:pipeline_id=>"main", "pipeline.workers"=>8, "pipeline.batch.size"=>125, "pipeline.batch.delay"=>50, "pipeline.max_inflight"=>1000, "pipeline.sources"=>["/Users/euiyoung.hwang/ES/Python_Workspace/python-elasticsearch/logger_logstash/logstash_udp.conf"], :thread=>"#<Thread:0x72600a66 run>"}
[2024-01-30T20:17:05,517][INFO ][logstash.outputs.elasticsearch][main] Attempting to install template {:manage_template=>{"index_patterns"=>"logstash-*", "version"=>60001, "settings"=>{"index.refresh_interval"=>"5s", "number_of_shards"=>1}, "mappings"=>{"dynamic_templates"=>[{"message_field"=>{"path_match"=>"message", "match_mapping_type"=>"string", "mapping"=>{"type"=>"text", "norms"=>false}}}, {"string_fields"=>{"match"=>"*", "match_mapping_type"=>"string", "mapping"=>{"type"=>"text", "norms"=>false, "fields"=>{"keyword"=>{"type"=>"keyword", "ignore_above"=>256}}}}}], "properties"=>{"@timestamp"=>{"type"=>"date"}, "@version"=>{"type"=>"keyword"}, "geoip"=>{"dynamic"=>true, "properties"=>{"ip"=>{"type"=>"ip"}, "location"=>{"type"=>"geo_point"}, "latitude"=>{"type"=>"half_float"}, "longitude"=>{"type"=>"half_float"}}}}}}}
[2024-01-30T20:17:07,978][INFO ][logstash.javapipeline    ][main] Pipeline Java execution initialization time {"seconds"=>2.55}
[2024-01-30T20:17:08,296][INFO ][logstash.inputs.tcp      ][main] Automatically switching from json to json_lines codec {:plugin=>"tcp"}
[2024-01-30T20:17:08,758][INFO ][logstash.javapipeline    ][main] Pipeline started {"pipeline.id"=>"main"}
[2024-01-30T20:17:08,810][INFO ][logstash.inputs.tcp      ][main][bbb8a28f1795f5240ab1611c00e1f13750de8e1d2efce0200c943a0cf9e755d3] Starting tcp input listener {:address=>"0.0.0.0:5958", :ssl_enable=>"false"}
[2024-01-30T20:17:08,978][INFO ][logstash.agent           ] Pipelines running {:count=>1, :running_pipelines=>[:main], :non_running_pipelines=>[]}
[2024-01-30T20:17:09,080][INFO ][logstash.inputs.udp      ][main][d9ac828dfdce0a09f2815730ce2853a43d1860093e36f4849c5a0199f4005f95] Starting UDP listener {:address=>"0.0.0.0:5959"}
[2024-01-30T20:17:09,245][INFO ][logstash.inputs.udp      ][main][d9ac828dfdce0a09f2815730ce2853a43d1860093e36f4849c5a0199f4005f95] UDP listener started {:address=>"0.0.0.0:5959", :receive_buffer_bytes=>"786896", :queue_size=>"2000"}
[2024-01-30T20:17:09,657][INFO ][logstash.agent           ] Successfully started Logstash API endpoint {:port=>9600}
[2024-01-30T20:48:50,223][WARN ][logstash.runner          ] SIGHUP received.
[2024-01-30T20:48:53,394][ERROR][logstash.javapipeline    ][main] Pipeline worker error, the pipeline will be stopped {:pipeline_id=>"main", :error=>"(SystemCallError) Unknown error (SystemCallError) - <STDOUT>", :exception=>Java::OrgJrubyExceptions::SystemCallError, :backtrace=>["org.jruby.RubyIO.write(org/jruby/RubyIO.java:1475)", "org.jruby.RubyIO.write(org/jruby/RubyIO.java:1430)", "Users.euiyoung_dot_hwang.ES.Python_Workspace.python_minus_elasticsearch.Kafka.logstash_minus_7_dot_9_dot_0.vendor.bundle.jruby.$2_dot_5_dot_0.gems.logstash_minus_output_minus_stdout_minus_3_dot_1_dot_4.lib.logstash.outputs.stdout.multi_receive_encoded(/Users/euiyoung.hwang/ES/Python_Workspace/python-elasticsearch/Kafka/logstash-7.9.0/vendor/bundle/jruby/2.5.0/gems/logstash-output-stdout-3.1.4/lib/logstash/outputs/stdout.rb:43)", "org.jruby.RubyArray.each(org/jruby/RubyArray.java:1809)", "Users.euiyoung_dot_hwang.ES.Python_Workspace.python_minus_elasticsearch.Kafka.logstash_minus_7_dot_9_dot_0.vendor.bundle.jruby.$2_dot_5_dot_0.gems.logstash_minus_output_minus_stdout_minus_3_dot_1_dot_4.lib.logstash.outputs.stdout.multi_receive_encoded(/Users/euiyoung.hwang/ES/Python_Workspace/python-elasticsearch/Kafka/logstash-7.9.0/vendor/bundle/jruby/2.5.0/gems/logstash-output-stdout-3.1.4/lib/logstash/outputs/stdout.rb:42)", "Users.euiyoung_dot_hwang.ES.Python_Workspace.python_minus_elasticsearch.Kafka.logstash_minus_7_dot_9_dot_0.logstash_minus_core.lib.logstash.outputs.base.multi_receive(/Users/euiyoung.hwang/ES/Python_Workspace/python-elasticsearch/Kafka/logstash-7.9.0/logstash-core/lib/logstash/outputs/base.rb:103)", "org.logstash.config.ir.compiler.OutputStrategyExt$AbstractOutputStrategyExt.multi_receive(org/logstash/config/ir/compiler/OutputStrategyExt.java:138)", "org.logstash.config.ir.compiler.AbstractOutputDelegatorExt.multi_receive(org/logstash/config/ir/compiler/AbstractOutputDelegatorExt.java:121)", "Users.euiyoung_dot_hwang.ES.Python_Workspace.python_minus_elasticsearch.Kafka.logstash_minus_7_dot_9_dot_0.logstash_minus_core.lib.logstash.java_pipeline.start_workers(/Users/euiyoung.hwang/ES/Python_Workspace/python-elasticsearch/Kafka/logstash-7.9.0/logstash-core/lib/logstash/java_pipeline.rb:293)"], :thread=>"#<Thread:0x72600a66 sleep>"}
[2024-01-30T20:48:54,425][INFO ][logstash.runner          ] Logstash shut down.
[2024-01-30T22:58:17,719][INFO ][logstash.runner          ] Starting Logstash {"logstash.version"=>"7.9.0", "jruby.version"=>"jruby 9.2.12.0 (2.5.7) 2020-07-01 db01a49ba6 Java HotSpot(TM) 64-Bit Server VM 25.202-b08 on 1.8.0_202-b08 +indy +jit [darwin-x86_64]"}
[2024-01-30T22:58:18,200][WARN ][logstash.config.source.multilocal] Ignoring the 'pipelines.yml' file because modules or command line options are specified
[2024-01-30T22:58:22,493][INFO ][org.reflections.Reflections] Reflections took 51 ms to scan 1 urls, producing 22 keys and 45 values 
[2024-01-30T22:58:27,706][INFO ][logstash.outputs.elasticsearch][main] Elasticsearch pool URLs updated {:changes=>{:removed=>[], :added=>[http://elastic:xxxxxx@localhost:9200/]}}
[2024-01-30T22:58:28,074][WARN ][logstash.outputs.elasticsearch][main] Restored connection to ES instance {:url=>"http://elastic:xxxxxx@localhost:9200/"}
[2024-01-30T22:58:28,208][INFO ][logstash.outputs.elasticsearch][main] ES Output version determined {:es_version=>7}
[2024-01-30T22:58:28,227][WARN ][logstash.outputs.elasticsearch][main] Detected a 6.x and above cluster: the `type` event field won't be used to determine the document _type {:es_version=>7}
[2024-01-30T22:58:28,381][INFO ][logstash.outputs.elasticsearch][main] New Elasticsearch output {:class=>"LogStash::Outputs::ElasticSearch", :hosts=>["//localhost:9200"]}
[2024-01-30T22:58:28,548][INFO ][logstash.outputs.elasticsearch][main] Using a default mapping template {:es_version=>7, :ecs_compatibility=>:disabled}
[2024-01-30T22:58:28,696][INFO ][logstash.javapipeline    ][main] Starting pipeline {:pipeline_id=>"main", "pipeline.workers"=>8, "pipeline.batch.size"=>125, "pipeline.batch.delay"=>50, "pipeline.max_inflight"=>1000, "pipeline.sources"=>["/Users/euiyoung.hwang/ES/Python_Workspace/python-platform-engine/Logstash/logstash_udp.conf"], :thread=>"#<Thread:0x37ca6a5a run>"}
[2024-01-30T22:58:28,813][INFO ][logstash.outputs.elasticsearch][main] Attempting to install template {:manage_template=>{"index_patterns"=>"logstash-*", "version"=>60001, "settings"=>{"index.refresh_interval"=>"5s", "number_of_shards"=>1}, "mappings"=>{"dynamic_templates"=>[{"message_field"=>{"path_match"=>"message", "match_mapping_type"=>"string", "mapping"=>{"type"=>"text", "norms"=>false}}}, {"string_fields"=>{"match"=>"*", "match_mapping_type"=>"string", "mapping"=>{"type"=>"text", "norms"=>false, "fields"=>{"keyword"=>{"type"=>"keyword", "ignore_above"=>256}}}}}], "properties"=>{"@timestamp"=>{"type"=>"date"}, "@version"=>{"type"=>"keyword"}, "geoip"=>{"dynamic"=>true, "properties"=>{"ip"=>{"type"=>"ip"}, "location"=>{"type"=>"geo_point"}, "latitude"=>{"type"=>"half_float"}, "longitude"=>{"type"=>"half_float"}}}}}}}
[2024-01-30T22:58:31,061][INFO ][logstash.javapipeline    ][main] Pipeline Java execution initialization time {"seconds"=>2.32}
[2024-01-30T22:58:31,352][INFO ][logstash.inputs.tcp      ][main] Automatically switching from json to json_lines codec {:plugin=>"tcp"}
[2024-01-30T22:58:31,815][INFO ][logstash.javapipeline    ][main] Pipeline started {"pipeline.id"=>"main"}
[2024-01-30T22:58:31,865][INFO ][logstash.inputs.tcp      ][main][79b23eaf5f83ac4b15eb8f6c8e80b98076bbbd4d58c28302df704cf727dd92d7] Starting tcp input listener {:address=>"0.0.0.0:5958", :ssl_enable=>"false"}
[2024-01-30T22:58:32,028][INFO ][logstash.agent           ] Pipelines running {:count=>1, :running_pipelines=>[:main], :non_running_pipelines=>[]}
[2024-01-30T22:58:32,151][INFO ][logstash.inputs.udp      ][main][fe2e4357d5c0b39cd79203dce2369e9789c6015d5e9da64dfe40561c03306e05] Starting UDP listener {:address=>"0.0.0.0:5959"}
[2024-01-30T22:58:32,284][INFO ][logstash.inputs.udp      ][main][fe2e4357d5c0b39cd79203dce2369e9789c6015d5e9da64dfe40561c03306e05] UDP listener started {:address=>"0.0.0.0:5959", :receive_buffer_bytes=>"786896", :queue_size=>"2000"}
[2024-01-30T22:58:32,634][INFO ][logstash.agent           ] Successfully started Logstash API endpoint {:port=>9600}
[2024-01-30T22:59:34,899][WARN ][logstash.runner          ] SIGHUP received.
